<?xml version="1.0" encoding="UTF-8"?>
<testng-results total="1" passed="0" failed="0" skipped="1">
  <reporter-output>
  </reporter-output>
  <suite started-at="2019-07-30T18:03:21Z" name="Default suite" finished-at="2019-07-30T18:03:21Z" duration-ms="36">
    <groups>
    </groups>
    <test started-at="2019-07-30T18:03:21Z" name="Default test" finished-at="2019-07-30T18:03:21Z" duration-ms="36">
      <class name="PracticeTest">
        <test-method is-config="true" signature="InvokeBrowser(java.lang.String, java.lang.String)[pri:0, instance:PracticeTest@16ec5519]" started-at="2019-07-30T14:03:21Z" name="InvokeBrowser" finished-at="2019-07-30T14:03:21Z" duration-ms="0" status="FAIL">
          <exception class="org.testng.TestNGException">
            <message>
              <![CDATA[
Parameter 'browserType' is required by @Configuration on method InvokeBrowser but has not been marked @Optional or defined
in C:\Users\Neha\AppData\Local\Temp\testng-eclipse--1517352467\testng-customsuite.xml]]>
            </message>
            <full-stacktrace>
              <![CDATA[org.testng.TestNGException: 
Parameter 'browserType' is required by @Configuration on method InvokeBrowser but has not been marked @Optional or defined
in C:\Users\Neha\AppData\Local\Temp\testng-eclipse--1517352467\testng-customsuite.xml
	at org.testng.internal.Parameters.createParameters(Parameters.java:154)
	at org.testng.internal.Parameters.createParameters(Parameters.java:361)
	at org.testng.internal.Parameters.createConfigurationParameters(Parameters.java:84)
	at org.testng.internal.Invoker.invokeConfigurations(Invoker.java:201)
	at org.testng.internal.Invoker.invokeConfigurations(Invoker.java:142)
	at org.testng.internal.TestMethodWorker.invokeBeforeClassMethods(TestMethodWorker.java:178)
	at org.testng.internal.TestMethodWorker.run(TestMethodWorker.java:108)
	at org.testng.TestRunner.privateRun(TestRunner.java:782)
	at org.testng.TestRunner.run(TestRunner.java:632)
	at org.testng.SuiteRunner.runTest(SuiteRunner.java:366)
	at org.testng.SuiteRunner.runSequentially(SuiteRunner.java:361)
	at org.testng.SuiteRunner.privateRun(SuiteRunner.java:319)
	at org.testng.SuiteRunner.run(SuiteRunner.java:268)
	at org.testng.SuiteRunnerWorker.runSuite(SuiteRunnerWorker.java:52)
	at org.testng.SuiteRunnerWorker.run(SuiteRunnerWorker.java:86)
	at org.testng.TestNG.runSuitesSequentially(TestNG.java:1244)
	at org.testng.TestNG.runSuitesLocally(TestNG.java:1169)
	at org.testng.TestNG.run(TestNG.java:1064)
	at org.testng.remote.RemoteTestNG.run(RemoteTestNG.java:113)
	at org.testng.remote.RemoteTestNG.initAndRun(RemoteTestNG.java:206)
	at org.testng.remote.RemoteTestNG.main(RemoteTestNG.java:177)
]]>
            </full-stacktrace>
          </exception> <!-- org.testng.TestNGException -->
          <reporter-output>
          </reporter-output>
        </test-method> <!-- InvokeBrowser -->
        <test-method signature="LoginPage()[pri:0, instance:PracticeTest@16ec5519]" started-at="2019-07-30T14:03:21Z" name="LoginPage" finished-at="2019-07-30T14:03:21Z" duration-ms="4" status="SKIP">
          <reporter-output>
          </reporter-output>
        </test-method> <!-- LoginPage -->
      </class> <!-- PracticeTest -->
    </test> <!-- Default test -->
  </suite> <!-- Default suite -->
</testng-results>
