<?xml version="1.0" encoding="UTF-8"?>
<testng-results total="1" passed="1" failed="0" skipped="0">
  <reporter-output>
  </reporter-output>
  <suite started-at="2020-02-25T21:31:39Z" name="Default suite" finished-at="2020-02-25T22:00:21Z" duration-ms="1722399">
    <groups>
    </groups>
    <test started-at="2020-02-25T21:31:39Z" name="Default test" finished-at="2020-02-25T22:00:21Z" duration-ms="1722399">
      <class name="GridTests.GridEx">
        <test-method signature="executeTest()[pri:0, instance:GridTests.GridEx@3d51f06e]" started-at="2020-02-25T16:31:39Z" name="executeTest" finished-at="2020-02-25T17:00:21Z" duration-ms="1722235" status="PASS">
          <reporter-output>
          </reporter-output>
        </test-method> <!-- executeTest -->
      </class> <!-- GridTests.GridEx -->
    </test> <!-- Default test -->
  </suite> <!-- Default suite -->
</testng-results>
