<?xml version="1.0" encoding="UTF-8"?>
<testng-results total="2" passed="2" failed="0" skipped="0">
  <reporter-output>
  </reporter-output>
  <suite started-at="2020-03-18T20:55:37Z" name="Suite" finished-at="2020-03-18T20:56:11Z" duration-ms="33481">
    <groups>
    </groups>
    <test started-at="2020-03-18T20:55:37Z" name="Test+java" finished-at="2020-03-18T20:55:59Z" duration-ms="21826">
      <class name="org.learnselenium.ParameterEx">
        <test-method signature="VerifyJs(java.lang.String, java.lang.String)[pri:0, instance:org.learnselenium.ParameterEx@68999068]" started-at="2020-03-18T16:55:37Z" name="VerifyJs" finished-at="2020-03-18T16:55:59Z" duration-ms="21786" status="PASS">
          <params>
            <param index="0">
              <value>
                <![CDATA[java]]>
              </value>
            </param>
            <param index="1">
              <value>
                <![CDATA[https://www.indeed.com/]]>
              </value>
            </param>
          </params>
          <reporter-output>
          </reporter-output>
        </test-method> <!-- VerifyJs -->
      </class> <!-- org.learnselenium.ParameterEx -->
    </test> <!-- Test+java -->
    <test started-at="2020-03-18T20:55:59Z" name="Test+Selenium" finished-at="2020-03-18T20:56:11Z" duration-ms="11532">
      <class name="org.learnselenium.ParameterEx">
        <test-method signature="VerifyJs(java.lang.String, java.lang.String)[pri:0, instance:org.learnselenium.ParameterEx@74e52303]" started-at="2020-03-18T16:55:59Z" name="VerifyJs" finished-at="2020-03-18T16:56:11Z" duration-ms="11528" status="PASS">
          <params>
            <param index="0">
              <value>
                <![CDATA[Selenium]]>
              </value>
            </param>
            <param index="1">
              <value>
                <![CDATA[https://www.indeed.com/]]>
              </value>
            </param>
          </params>
          <reporter-output>
          </reporter-output>
        </test-method> <!-- VerifyJs -->
      </class> <!-- org.learnselenium.ParameterEx -->
    </test> <!-- Test+Selenium -->
  </suite> <!-- Suite -->
</testng-results>
